<?xml version="1.0" encoding="UTF-8"?>
<testng-results ignored="0" total="1" passed="1" failed="0" skipped="0">
  <reporter-output>
  </reporter-output>
  <suite started-at="2019-05-08T12:36:40Z" name="Data Driver Basics" finished-at="2019-05-08T12:36:43Z" duration-ms="3293">
    <groups>
    </groups>
    <test started-at="2019-05-08T12:36:40Z" name="LoginTest" finished-at="2019-05-08T12:36:43Z" duration-ms="3293">
      <class name="com.tb.testcases.LoginTest">
        <test-method is-config="true" signature="setUp()[pri:0, instance:com.tb.testcases.LoginTest@a38c7fe]" started-at="2019-05-08T12:36:32Z" name="setUp" finished-at="2019-05-08T12:36:40Z" duration-ms="8169" status="PASS">
          <reporter-output>
          </reporter-output>
        </test-method> <!-- setUp -->
        <test-method signature="loginAsBankManager()[pri:0, instance:com.tb.testcases.LoginTest@a38c7fe]" started-at="2019-05-08T12:36:40Z" name="loginAsBankManager" finished-at="2019-05-08T12:36:43Z" duration-ms="3257" status="PASS">
          <reporter-output>
          </reporter-output>
        </test-method> <!-- loginAsBankManager -->
        <test-method is-config="true" signature="tearDown()[pri:0, instance:com.tb.testcases.LoginTest@a38c7fe]" started-at="2019-05-08T12:36:43Z" name="tearDown" finished-at="2019-05-08T12:36:44Z" duration-ms="938" status="PASS">
          <reporter-output>
          </reporter-output>
        </test-method> <!-- tearDown -->
      </class> <!-- com.tb.testcases.LoginTest -->
    </test> <!-- LoginTest -->
  </suite> <!-- Data Driver Basics -->
</testng-results>
